@NikonS9900/ver1.0/wgs84
$GPGGA,115228.000,0017.5219,N,03653.9136,E,1,7,,1704.0,M,,M,,*63
$GPRMC,115228.000,A,0017.5219,N,03653.9136,E,,,210120,,A*48
$GPGGA,115243.000,0017.5222,N,03653.9131,E,1,7,,1704.0,M,,M,,*61
$GPRMC,115243.000,A,0017.5222,N,03653.9131,E,,,210120,,A*4A
$GPGGA,115258.000,0017.5232,N,03653.9122,E,1,8,,1704.0,M,,M,,*67
$GPRMC,115258.000,A,0017.5232,N,03653.9122,E,,,210120,,A*43
$GPGGA,115314.000,0017.5293,N,03653.9161,E,1,4,,1704.0,M,,M,,*6E
$GPRMC,115314.000,A,0017.5293,N,03653.9161,E,,,210120,,A*46
$GPGGA,115329.000,0017.5129,N,03653.9081,E,1,6,,1704.0,M,,M,,*6F
$GPRMC,115329.000,A,0017.5129,N,03653.9081,E,,,210120,,A*45
$GPGGA,115344.000,0017.5226,N,03653.9104,E,1,7,,1704.0,M,,M,,*65
$GPRMC,115344.000,A,0017.5226,N,03653.9104,E,,,210120,,A*4E
$GPGGA,115359.000,0017.5236,N,03653.9108,E,1,6,,1704.0,M,,M,,*65
$GPRMC,115359.000,A,0017.5236,N,03653.9108,E,,,210120,,A*4F
$GPGGA,115414.000,0017.5267,N,03653.9090,E,1,7,,1704.0,M,,M,,*6E
$GPRMC,115414.000,A,0017.5267,N,03653.9090,E,,,210120,,A*45
$GPGGA,115419.000,0017.5283,N,03653.9085,E,1,8,,1704.0,M,,M,,*62
$GPRMC,115419.000,A,0017.5283,N,03653.9085,E,,,210120,,A*46
$GPGGA,115434.000,0017.5280,N,03653.9074,E,1,7,,1704.0,M,,M,,*6F
$GPRMC,115434.000,A,0017.5280,N,03653.9074,E,,,210120,,A*44
$GPGGA,115449.000,0017.5264,N,03653.9088,E,1,7,,1704.0,M,,M,,*6C
$GPRMC,115449.000,A,0017.5264,N,03653.9088,E,,,210120,,A*47
