@NikonS9900/ver1.0/wgs84
$GPGGA,093118.000,0000.1450,N,03704.6140,E,1,10,,1977.0,M,,M,,*54
$GPRMC,093118.000,A,0000.1450,N,03704.6140,E,,,200120,,A*42
$GPGGA,093133.000,0000.1458,N,03704.6122,E,1,11,,1977.0,M,,M,,*50
$GPRMC,093133.000,A,0000.1458,N,03704.6122,E,,,200120,,A*47
$GPGGA,093148.000,0000.1452,N,03704.6136,E,1,11,,1977.0,M,,M,,*53
$GPRMC,093148.000,A,0000.1452,N,03704.6136,E,,,200120,,A*44
$GPGGA,093203.000,0000.1439,N,03704.6140,E,1,11,,1977.0,M,,M,,*53
$GPRMC,093203.000,A,0000.1439,N,03704.6140,E,,,200120,,A*44
$GPGGA,093218.000,0000.1426,N,03704.6143,E,1,11,,1977.0,M,,M,,*54
$GPRMC,093218.000,A,0000.1426,N,03704.6143,E,,,200120,,A*43
$GPGGA,093233.000,0000.1419,N,03704.6140,E,1,11,,1976.0,M,,M,,*53
$GPRMC,093233.000,A,0000.1419,N,03704.6140,E,,,200120,,A*45
$GPGGA,093238.000,0000.1418,N,03704.6143,E,1,11,,1976.0,M,,M,,*5A
$GPRMC,093238.000,A,0000.1418,N,03704.6143,E,,,200120,,A*4C
$GPGGA,093254.000,0000.1423,N,03704.6127,E,1,10,,1976.0,M,,M,,*5B
$GPRMC,093254.000,A,0000.1423,N,03704.6127,E,,,200120,,A*4C
$GPGGA,093310.000,0000.1433,N,03704.6129,E,1,7,,1976.0,M,,M,,*63
$GPRMC,093310.000,A,0000.1433,N,03704.6129,E,,,200120,,A*42
$GPGGA,093326.000,0000.1469,N,03704.6170,E,1,8,,1976.0,M,,M,,*6A
$GPRMC,093326.000,A,0000.1469,N,03704.6170,E,,,200120,,A*44
$GPGGA,093351.000,0000.1437,N,03704.6202,E,1,8,,1976.0,M,,M,,*67
$GPRMC,093351.000,A,0000.1437,N,03704.6202,E,,,200120,,A*49
$GPGGA,093406.000,0000.1402,N,03704.6152,E,1,10,,1976.0,M,,M,,*5B
$GPRMC,093406.000,A,0000.1402,N,03704.6152,E,,,200120,,A*4C
$GPGGA,093421.000,0000.1410,N,03704.6129,E,1,10,,1976.0,M,,M,,*51
$GPRMC,093421.000,A,0000.1410,N,03704.6129,E,,,200120,,A*46
$GPGGA,093436.000,0000.1442,N,03704.6122,E,1,10,,1976.0,M,,M,,*5B
$GPRMC,093436.000,A,0000.1442,N,03704.6122,E,,,200120,,A*4C
$GPGGA,093451.000,0000.1463,N,03704.6129,E,1,11,,1976.0,M,,M,,*53
$GPRMC,093451.000,A,0000.1463,N,03704.6129,E,,,200120,,A*45
$GPGGA,093506.000,0000.1456,N,03704.6136,E,1,11,,1976.0,M,,M,,*58
$GPRMC,093506.000,A,0000.1456,N,03704.6136,E,,,200120,,A*4E
$GPGGA,093520.000,0000.1460,N,03704.6129,E,1,11,,1976.0,M,,M,,*57
$GPRMC,093520.000,A,0000.1460,N,03704.6129,E,,,200120,,A*41
$GPGGA,093536.000,0000.1470,N,03704.6136,E,1,9,,1976.0,M,,M,,*66
$GPRMC,093536.000,A,0000.1470,N,03704.6136,E,,,200120,,A*49
$GPGGA,093552.000,0000.1503,N,03704.6117,E,1,5,,1976.0,M,,M,,*6E
$GPRMC,093552.000,A,0000.1503,N,03704.6117,E,,,200120,,A*4D
$GPGGA,093607.000,0000.1494,N,03704.6122,E,1,7,,1976.0,M,,M,,*66
$GPRMC,093607.000,A,0000.1494,N,03704.6122,E,,,200120,,A*47
$GPGGA,093624.000,0000.1428,N,03704.6074,E,1,11,,1976.0,M,,M,,*55
$GPRMC,093624.000,A,0000.1428,N,03704.6074,E,,,200120,,A*43
$GPGGA,093640.000,0000.1445,N,03704.6056,E,1,10,,1976.0,M,,M,,*5D
$GPRMC,093640.000,A,0000.1445,N,03704.6056,E,,,200120,,A*4A
$GPGGA,093656.000,0000.1456,N,03704.6168,E,1,10,,1976.0,M,,M,,*54
$GPRMC,093656.000,A,0000.1456,N,03704.6168,E,,,200120,,A*43
$GPGGA,093712.000,0000.1427,N,03704.6172,E,1,8,,1976.0,M,,M,,*61
$GPRMC,093712.000,A,0000.1427,N,03704.6172,E,,,200120,,A*4F
$GPGGA,093728.000,0000.1454,N,03704.6136,E,1,9,,1976.0,M,,M,,*6D
$GPRMC,093728.000,A,0000.1454,N,03704.6136,E,,,200120,,A*42
$GPGGA,093744.000,0000.1442,N,03704.6154,E,1,6,,1976.0,M,,M,,*6B
$GPRMC,093744.000,A,0000.1442,N,03704.6154,E,,,200120,,A*4B
$GPGGA,093800.000,0000.1437,N,03704.6152,E,1,10,,1976.0,M,,M,,*57
$GPRMC,093800.000,A,0000.1437,N,03704.6152,E,,,200120,,A*40
$GPGGA,093815.000,0000.1451,N,03704.6115,E,1,7,,1976.0,M,,M,,*66
$GPRMC,093815.000,A,0000.1451,N,03704.6115,E,,,200120,,A*47
$GPGGA,093833.000,0000.1424,N,03704.6145,E,1,6,,1976.0,M,,M,,*64
$GPRMC,093833.000,A,0000.1424,N,03704.6145,E,,,200120,,A*44
$GPGGA,093848.000,0000.1427,N,03704.6145,E,1,10,,1976.0,M,,M,,*5C
$GPRMC,093848.000,A,0000.1427,N,03704.6145,E,,,200120,,A*4B
