@NikonS9900/ver1.0/wgs84
$GPGGA,100356.000,0017.5298,N,03653.9056,E,1,10,,1708.0,M,,M,,*5B
$GPRMC,100356.000,A,0017.5298,N,03653.9056,E,,,210120,,A*4A
$GPGGA,100411.000,0017.5293,N,03653.9058,E,1,10,,1707.0,M,,M,,*55
$GPRMC,100411.000,A,0017.5293,N,03653.9058,E,,,210120,,A*4B
$GPGGA,100426.000,0017.5295,N,03653.9058,E,1,10,,1706.0,M,,M,,*56
$GPRMC,100426.000,A,0017.5295,N,03653.9058,E,,,210120,,A*49
$GPGGA,100441.000,0017.5286,N,03653.9074,E,1,10,,1705.0,M,,M,,*58
$GPRMC,100441.000,A,0017.5286,N,03653.9074,E,,,210120,,A*44
$GPGGA,100456.000,0017.5284,N,03653.9095,E,1,10,,1705.0,M,,M,,*53
$GPRMC,100456.000,A,0017.5284,N,03653.9095,E,,,210120,,A*4F
$GPGGA,100511.000,0017.5285,N,03653.9104,E,1,10,,1705.0,M,,M,,*59
$GPRMC,100511.000,A,0017.5285,N,03653.9104,E,,,210120,,A*45
$GPGGA,100526.000,0017.5288,N,03653.9106,E,1,9,,1705.0,M,,M,,*6A
$GPRMC,100526.000,A,0017.5288,N,03653.9106,E,,,210120,,A*4E
$GPGGA,100544.000,0017.5255,N,03653.9138,E,1,5,,1705.0,M,,M,,*6F
$GPRMC,100544.000,A,0017.5255,N,03653.9138,E,,,210120,,A*47
$GPGGA,100559.000,0017.5293,N,03653.9101,E,1,7,,1704.0,M,,M,,*60
$GPRMC,100559.000,A,0017.5293,N,03653.9101,E,,,210120,,A*4B
$GPGGA,100614.000,0017.5293,N,03653.9095,E,1,9,,1704.0,M,,M,,*68
$GPRMC,100614.000,A,0017.5293,N,03653.9095,E,,,210120,,A*4D
$GPGGA,100629.000,0017.5297,N,03653.9099,E,1,8,,1704.0,M,,M,,*6F
$GPRMC,100629.000,A,0017.5297,N,03653.9099,E,,,210120,,A*4B
$GPGGA,100644.000,0017.5288,N,03653.9092,E,1,9,,1704.0,M,,M,,*60
$GPRMC,100644.000,A,0017.5288,N,03653.9092,E,,,210120,,A*45
$GPGGA,100659.000,0017.5293,N,03653.9097,E,1,9,,1704.0,M,,M,,*63
$GPRMC,100659.000,A,0017.5293,N,03653.9097,E,,,210120,,A*46
$GPGGA,100714.000,0017.5286,N,03653.9101,E,1,9,,1704.0,M,,M,,*61
$GPRMC,100714.000,A,0017.5286,N,03653.9101,E,,,210120,,A*44
