Building DAG of jobs...
Using shell: /bin/bash
Provided cores: 1 (use --cores to define parallelism)
Rules claiming more threads will be scaled down.
Job stats:
job                     count
--------------------  -------
all                         1
ca_classifier               1
detector                    1
species_identifier          1
viewpoint_classifier        1
total                       5

Select jobs to execute...

[Mon Oct 28 15:17:18 2024]
rule detector:
    input: /Users/jaeseok/Developer/GGR/Imageomics-Species-ReID/test_dataset/image_data.json, algo/detector.py
    output: /Users/jaeseok/Developer/GGR/Imageomics-Species-ReID/test_dataset/annots/filtered_pred_annots_yolov10l.csv
    jobid: 2
    reason: Missing output files: /Users/jaeseok/Developer/GGR/Imageomics-Species-ReID/test_dataset/annots/filtered_pred_annots_yolov10l.csv
    resources: tmpdir=/var/folders/p3/0zlpsjwn5qg2cs76gk4zyryr0000gn/T

[Mon Oct 28 15:23:23 2024]
Error in rule detector:
    jobid: 2
    input: /Users/jaeseok/Developer/GGR/Imageomics-Species-ReID/test_dataset/image_data.json, algo/detector.py
    output: /Users/jaeseok/Developer/GGR/Imageomics-Species-ReID/test_dataset/annots/filtered_pred_annots_yolov10l.csv
    shell:
        python algo/detector.py /Users/jaeseok/Developer/GGR/Imageomics-Species-ReID/test_dataset/images/ /Users/jaeseok/Developer/GGR/Imageomics-Species-ReID/test_dataset/annots/ /Users/jaeseok/Developer/GGR/Imageomics-Species-ReID/test_dataset/detector/ /Users/jaeseok/Developer/GGR/Imageomics-Species-ReID/test_dataset/joined_annotations.csv yolov10l pred_annots_yolov10l filtered_pred_annots_yolov10l
        (one of the commands exited with non-zero exit code; note that snakemake uses bash strict mode!)

Shutting down, this might take some time.
Exiting because a job execution failed. Look above for error message
Complete log: .snakemake/log/2024-10-28T151718.377529.snakemake.log
