Building DAG of jobs...
Using shell: /bin/bash
Provided cores: 1 (use --cores to define parallelism)
Rules claiming more threads will be scaled down.
Job stats:
job                     count
--------------------  -------
all                         1
ca_classifier               1
viewpoint_classifier        1
total                       3

Select jobs to execute...

[Mon Nov 11 20:54:19 2024]
rule viewpoint_classifier:
    input: /Users/jaeseok/Developer/GGR/Imageomics-Species-ReID/test_dataset/test_dataset/species_identifier/predictions/filtered_pred_annots_yolov10l_bioCLIP_predictions.csv, algo/viewpoint_classifier.py
    output: /Users/jaeseok/Developer/GGR/Imageomics-Species-ReID/test_dataset/test_dataset/viewpoint_classifier/output_with_viewpoint.csv
    jobid: 5
    reason: Missing output files: /Users/jaeseok/Developer/GGR/Imageomics-Species-ReID/test_dataset/test_dataset/viewpoint_classifier/output_with_viewpoint.csv
    resources: tmpdir=/var/folders/p3/0zlpsjwn5qg2cs76gk4zyryr0000gn/T

[Mon Nov 11 20:55:15 2024]
Finished job 5.
1 of 3 steps (33%) done
Select jobs to execute...

[Mon Nov 11 20:55:15 2024]
rule ca_classifier:
    input: /Users/jaeseok/Developer/GGR/Imageomics-Species-ReID/test_dataset/test_dataset/viewpoint_classifier/output_with_viewpoint.csv, algo/CA_classifier.py
    output: /Users/jaeseok/Developer/GGR/Imageomics-Species-ReID/test_dataset/test_dataset/ca_classifier/final_output_with_softmax_and_census.csv
    jobid: 4
    reason: Missing output files: /Users/jaeseok/Developer/GGR/Imageomics-Species-ReID/test_dataset/test_dataset/ca_classifier/final_output_with_softmax_and_census.csv; Input files updated by another job: /Users/jaeseok/Developer/GGR/Imageomics-Species-ReID/test_dataset/test_dataset/viewpoint_classifier/output_with_viewpoint.csv
    resources: tmpdir=/var/folders/p3/0zlpsjwn5qg2cs76gk4zyryr0000gn/T

[Mon Nov 11 20:55:17 2024]
Error in rule ca_classifier:
    jobid: 4
    input: /Users/jaeseok/Developer/GGR/Imageomics-Species-ReID/test_dataset/test_dataset/viewpoint_classifier/output_with_viewpoint.csv, algo/CA_classifier.py
    output: /Users/jaeseok/Developer/GGR/Imageomics-Species-ReID/test_dataset/test_dataset/ca_classifier/final_output_with_softmax_and_census.csv
    shell:
        python algo/CA_classifier.py /Users/jaeseok/Developer/GGR/Imageomics-Species-ReID/test_dataset/images/ /Users/jaeseok/Developer/GGR/Imageomics-Species-ReID/test_dataset/test_dataset/viewpoint_classifier/output_with_viewpoint.csv /Users/jaeseok/Developer/GGR/Imageomics-Species-ReID/test_dataset/test_dataset/best_july_8_cuda_extended_aug_sample_annot_classifier.pth /Users/jaeseok/Developer/GGR/Imageomics-Species-ReID/test_dataset/test_dataset/ca_classifier/final_output_with_softmax_and_census.csv
        (one of the commands exited with non-zero exit code; note that snakemake uses bash strict mode!)

Shutting down, this might take some time.
Exiting because a job execution failed. Look above for error message
Complete log: .snakemake/log/2024-11-11T205419.059043.snakemake.log
