Building DAG of jobs...
Using shell: /bin/bash
Provided cores: 1 (use --cores to define parallelism)
Rules claiming more threads will be scaled down.
Job stats:
job                     count
--------------------  -------
all                         1
ca_classifier               1
detector                    1
import_data                 1
species_identifier          1
viewpoint_classifier        1
total                       6

Select jobs to execute...

[Sat Oct 12 18:15:17 2024]
rule import_data:
    input: /Users/jaeseok/Developer/GGR/Imageomics-Species-ReID/GGR2020_subset, import_data.py
    output: /Users/jaeseok/Developer/GGR/Imageomics-Species-ReID/test_dataset/image_data.json
    jobid: 3
    reason: Missing output files: /Users/jaeseok/Developer/GGR/Imageomics-Species-ReID/test_dataset/image_data.json
    resources: tmpdir=/var/folders/p3/0zlpsjwn5qg2cs76gk4zyryr0000gn/T

[Sat Oct 12 18:18:57 2024]
Finished job 3.
1 of 6 steps (17%) done
Select jobs to execute...

[Sat Oct 12 18:18:57 2024]
rule detector:
    input: /Users/jaeseok/Developer/GGR/Imageomics-Species-ReID/test_dataset/image_data.json, algo/detector.py
    output: /Users/jaeseok/Developer/GGR/Imageomics-Species-ReID/test_dataset/annots/filtered_pred_annots_yolov10l.csv
    jobid: 2
    reason: Missing output files: /Users/jaeseok/Developer/GGR/Imageomics-Species-ReID/test_dataset/annots/filtered_pred_annots_yolov10l.csv; Input files updated by another job: /Users/jaeseok/Developer/GGR/Imageomics-Species-ReID/test_dataset/image_data.json
    resources: tmpdir=/var/folders/p3/0zlpsjwn5qg2cs76gk4zyryr0000gn/T

[Sat Oct 12 18:24:21 2024]
Error in rule detector:
    jobid: 2
    input: /Users/jaeseok/Developer/GGR/Imageomics-Species-ReID/test_dataset/image_data.json, algo/detector.py
    output: /Users/jaeseok/Developer/GGR/Imageomics-Species-ReID/test_dataset/annots/filtered_pred_annots_yolov10l.csv
    shell:
        python algo/detector.py /Users/jaeseok/Developer/GGR/Imageomics-Species-ReID/test_dataset/images/ /Users/jaeseok/Developer/GGR/Imageomics-Species-ReID/test_dataset/annots/ /Users/jaeseok/Developer/GGR/Imageomics-Species-ReID/test_dataset/detector/ /Users/jaeseok/Developer/GGR/Imageomics-Species-ReID/test_dataset/test_dataset/GZCD_Cleaned.csv yolov10l pred_annots_yolov10l filtered_pred_annots_yolov10l
        (one of the commands exited with non-zero exit code; note that snakemake uses bash strict mode!)

Shutting down, this might take some time.
Exiting because a job execution failed. Look above for error message
Complete log: .snakemake/log/2024-10-12T181517.005417.snakemake.log
