Building DAG of jobs...
Using shell: /bin/bash
Provided cores: 1 (use --cores to define parallelism)
Rules claiming more threads will be scaled down.
Job stats:
job                     count
--------------------  -------
all                         1
ca_classifier               1
detector                    1
import_data                 1
species_identifier          1
viewpoint_classifier        1
total                       6

Select jobs to execute...

[Sun Oct 13 13:16:57 2024]
rule import_data:
    input: /Users/jaeseok/Developer/GGR/Imageomics-Species-ReID/GGR2020_subset, import_data.py
    output: /Users/jaeseok/Developer/GGR/Imageomics-Species-ReID/test_dataset/image_data.json
    jobid: 3
    reason: Missing output files: /Users/jaeseok/Developer/GGR/Imageomics-Species-ReID/test_dataset/image_data.json
    resources: tmpdir=/var/folders/p3/0zlpsjwn5qg2cs76gk4zyryr0000gn/T

[Sun Oct 13 13:17:17 2024]
Finished job 3.
1 of 6 steps (17%) done
Select jobs to execute...

[Sun Oct 13 13:17:17 2024]
rule detector:
    input: /Users/jaeseok/Developer/GGR/Imageomics-Species-ReID/test_dataset/image_data.json, algo/detector.py
    output: /Users/jaeseok/Developer/GGR/Imageomics-Species-ReID/test_dataset/annots/filtered_pred_annots_yolov10l.csv
    jobid: 2
    reason: Missing output files: /Users/jaeseok/Developer/GGR/Imageomics-Species-ReID/test_dataset/annots/filtered_pred_annots_yolov10l.csv; Input files updated by another job: /Users/jaeseok/Developer/GGR/Imageomics-Species-ReID/test_dataset/image_data.json
    resources: tmpdir=/var/folders/p3/0zlpsjwn5qg2cs76gk4zyryr0000gn/T

[Sun Oct 13 13:30:20 2024]
Finished job 2.
2 of 6 steps (33%) done
Select jobs to execute...

[Sun Oct 13 13:30:20 2024]
rule viewpoint_classifier:
    input: /Users/jaeseok/Developer/GGR/Imageomics-Species-ReID/test_dataset/annots/filtered_pred_annots_yolov10l.csv, algo/viewpoint_classifier.py
    output: /Users/jaeseok/Developer/GGR/Imageomics-Species-ReID/test_dataset/test_dataset/viewpoint_classifier/output_with_viewpoint.csv
    jobid: 5
    reason: Missing output files: /Users/jaeseok/Developer/GGR/Imageomics-Species-ReID/test_dataset/test_dataset/viewpoint_classifier/output_with_viewpoint.csv; Input files updated by another job: /Users/jaeseok/Developer/GGR/Imageomics-Species-ReID/test_dataset/annots/filtered_pred_annots_yolov10l.csv
    resources: tmpdir=/var/folders/p3/0zlpsjwn5qg2cs76gk4zyryr0000gn/T

[Sun Oct 13 13:30:23 2024]
Error in rule viewpoint_classifier:
    jobid: 5
    input: /Users/jaeseok/Developer/GGR/Imageomics-Species-ReID/test_dataset/annots/filtered_pred_annots_yolov10l.csv, algo/viewpoint_classifier.py
    output: /Users/jaeseok/Developer/GGR/Imageomics-Species-ReID/test_dataset/test_dataset/viewpoint_classifier/output_with_viewpoint.csv
    shell:
        python algo/viewpoint_classifier.py /Users/jaeseok/Developer/GGR/Imageomics-Species-ReID/test_dataset/images/ /Users/jaeseok/Developer/GGR/Imageomics-Species-ReID/test_dataset/annots/filtered_pred_annots_yolov10l.csv /Users/jaeseok/Developer/GGR/Imageomics-Species-ReID/test_dataset/test_dataset/VC_july_22_tf_efficientnet_b4_ns_5-3.pth /Users/jaeseok/Developer/GGR/Imageomics-Species-ReID/test_dataset/test_dataset/viewpoint_classifier/output_with_viewpoint.csv
        (one of the commands exited with non-zero exit code; note that snakemake uses bash strict mode!)

Shutting down, this might take some time.
Exiting because a job execution failed. Look above for error message
Complete log: .snakemake/log/2024-10-13T131657.382435.snakemake.log
