host: Jaeseokui-MacBookPro.local
Building DAG of jobs...
Using shell: /bin/bash
Provided cores: 1 (use --cores to define parallelism)
Rules claiming more threads will be scaled down.
Job stats:
job                     count
--------------------  -------
all                         1
ca_classifier               1
detector                    1
import_data                 1
species_identifier          1
viewpoint_classifier        1
total                       6

Select jobs to execute...
Execute 1 jobs...

[Sat Oct 12 17:14:48 2024]
localrule import_data:
    input: /Users/jaeseok/Developer/GGR/Imageomics-Species-ReID/GGR2020_subset, import_data.py
    output: /Users/jaeseok/Developer/GGR/Imageomics-Species-ReID/test_dataset/image_data.json
    jobid: 3
    reason: Missing output files: /Users/jaeseok/Developer/GGR/Imageomics-Species-ReID/test_dataset/image_data.json
    resources: tmpdir=/var/folders/p3/0zlpsjwn5qg2cs76gk4zyryr0000gn/T

[Sat Oct 12 17:14:49 2024]
Error in rule import_data:
    jobid: 3
    input: /Users/jaeseok/Developer/GGR/Imageomics-Species-ReID/GGR2020_subset, import_data.py
    output: /Users/jaeseok/Developer/GGR/Imageomics-Species-ReID/test_dataset/image_data.json
    shell:
        python import_data.py /Users/jaeseok/Developer/GGR/Imageomics-Species-ReID/GGR2020_subset /Users/jaeseok/Developer/GGR/Imageomics-Species-ReID/test_dataset/image_data.json /Users/jaeseok/Developer/GGR/Imageomics-Species-ReID/test_dataset/image_data.json
        (one of the commands exited with non-zero exit code; note that snakemake uses bash strict mode!)

Shutting down, this might take some time.
Exiting because a job execution failed. Look above for error message
Complete log: .snakemake/log/2024-10-12T171448.896854.snakemake.log
WorkflowError:
At least one job did not complete successfully.
