Building DAG of jobs...
Using shell: /bin/bash
Provided cores: 1 (use --cores to define parallelism)
Rules claiming more threads will be scaled down.
Job stats:
job                     count
--------------------  -------
all                         1
ca_classifier               1
detector                    1
species_identifier          1
viewpoint_classifier        1
total                       5

Select jobs to execute...

[Mon Oct 14 18:14:48 2024]
rule detector:
    input: /Users/jaeseok/Developer/GGR/Imageomics-Species-ReID/test_dataset/image_data.json, algo/detector.py
    output: /Users/jaeseok/Developer/GGR/Imageomics-Species-ReID/test_dataset/annots/filtered_pred_annots_yolov10l.csv
    jobid: 2
    reason: Missing output files: /Users/jaeseok/Developer/GGR/Imageomics-Species-ReID/test_dataset/annots/filtered_pred_annots_yolov10l.csv
    resources: tmpdir=/var/folders/p3/0zlpsjwn5qg2cs76gk4zyryr0000gn/T

Waiting at most 5 seconds for missing files.
MissingOutputException in rule detector in file /Users/jaeseok/Developer/GGR/Imageomics-Species-ReID/snakefile.smk, line 62:
Job 2  completed successfully, but some output files are missing. Missing files after 5 seconds. This might be due to filesystem latency. If that is the case, consider to increase the wait time with --latency-wait:
/Users/jaeseok/Developer/GGR/Imageomics-Species-ReID/test_dataset/annots/filtered_pred_annots_yolov10l.csv
Shutting down, this might take some time.
Exiting because a job execution failed. Look above for error message
Complete log: .snakemake/log/2024-10-14T181448.595423.snakemake.log
