Building DAG of jobs...
Using shell: /bin/bash
Provided cores: 1 (use --cores to define parallelism)
Rules claiming more threads will be scaled down.
Job stats:
job                     count
--------------------  -------
all                         1
ca_classifier               1
detector                    1
species_identifier          1
viewpoint_classifier        1
total                       5

Select jobs to execute...

[Fri Oct 18 16:54:21 2024]
rule detector:
    input: /Users/jaeseok/Developer/GGR/Imageomics-Species-ReID/test_dataset/image_data.json, algo/detector.py
    output: /Users/jaeseok/Developer/GGR/Imageomics-Species-ReID/test_dataset/annots/filtered_pred_annots_yolov10l.csv
    jobid: 2
    reason: Missing output files: /Users/jaeseok/Developer/GGR/Imageomics-Species-ReID/test_dataset/annots/filtered_pred_annots_yolov10l.csv
    resources: tmpdir=/var/folders/p3/0zlpsjwn5qg2cs76gk4zyryr0000gn/T

