Building DAG of jobs...
Using shell: /bin/bash
Provided cores: 1 (use --cores to define parallelism)
Rules claiming more threads will be scaled down.
Job stats:
job                     count
--------------------  -------
all                         1
ca_classifier               1
species_identifier          1
viewpoint_classifier        1
total                       4

Select jobs to execute...

[Mon Nov 11 19:23:27 2024]
rule species_identifier:
    input: /Users/jaeseok/Developer/GGR/Imageomics-Species-ReID/test_dataset/annots/filtered_pred_annots_yolov10l.csv, algo/species_identifier.py
    output: /Users/jaeseok/Developer/GGR/Imageomics-Species-ReID/test_dataset/test_dataset/species_identifier/predictions/filtered_pred_annots_yolov10l_bioCLIP_predictions.csv
    jobid: 1
    reason: Missing output files: /Users/jaeseok/Developer/GGR/Imageomics-Species-ReID/test_dataset/test_dataset/species_identifier/predictions/filtered_pred_annots_yolov10l_bioCLIP_predictions.csv
    resources: tmpdir=/var/folders/p3/0zlpsjwn5qg2cs76gk4zyryr0000gn/T

[Mon Nov 11 19:23:36 2024]
Error in rule species_identifier:
    jobid: 1
    input: /Users/jaeseok/Developer/GGR/Imageomics-Species-ReID/test_dataset/annots/filtered_pred_annots_yolov10l.csv, algo/species_identifier.py
    output: /Users/jaeseok/Developer/GGR/Imageomics-Species-ReID/test_dataset/test_dataset/species_identifier/predictions/filtered_pred_annots_yolov10l_bioCLIP_predictions.csv
    shell:
        python algo/species_identifier.py /Users/jaeseok/Developer/GGR/Imageomics-Species-ReID/test_dataset/images/ /Users/jaeseok/Developer/GGR/Imageomics-Species-ReID/test_dataset/annots/filtered_pred_annots_yolov10l.csv /Users/jaeseok/Developer/GGR/Imageomics-Species-ReID/test_dataset/test_dataset/species_identifier/ /Users/jaeseok/Developer/GGR/Imageomics-Species-ReID/test_dataset/test_dataset/species_identifier/predictions/filtered_pred_annots_yolov10l_bioCLIP_predictions.csv
        (one of the commands exited with non-zero exit code; note that snakemake uses bash strict mode!)

Shutting down, this might take some time.
Exiting because a job execution failed. Look above for error message
Complete log: .snakemake/log/2024-11-11T192327.875522.snakemake.log
