Building DAG of jobs...
Using shell: /bin/bash
Provided cores: 1 (use --cores to define parallelism)
Rules claiming more threads will be scaled down.
Job stats:
job              count
-------------  -------
all                  1
ca_classifier        1
total                2

Select jobs to execute...

[Mon Nov 11 21:24:32 2024]
rule ca_classifier:
    input: /Users/jaeseok/Developer/GGR/Imageomics-Species-ReID/test_dataset/test_dataset/viewpoint_classifier/output_with_viewpoint.csv, algo/CA_classifier.py
    output: /Users/jaeseok/Developer/GGR/Imageomics-Species-ReID/test_dataset/test_dataset/ca_classifier/final_output_with_softmax_and_census.csv
    jobid: 4
    reason: Missing output files: /Users/jaeseok/Developer/GGR/Imageomics-Species-ReID/test_dataset/test_dataset/ca_classifier/final_output_with_softmax_and_census.csv
    resources: tmpdir=/var/folders/p3/0zlpsjwn5qg2cs76gk4zyryr0000gn/T

[Mon Nov 11 21:25:03 2024]
Finished job 4.
1 of 2 steps (50%) done
Select jobs to execute...

[Mon Nov 11 21:25:03 2024]
localrule all:
    input: /Users/jaeseok/Developer/GGR/Imageomics-Species-ReID/test_dataset/test_dataset/species_identifier/predictions/filtered_pred_annots_yolov10l_bioCLIP_predictions.csv, /Users/jaeseok/Developer/GGR/Imageomics-Species-ReID/test_dataset/test_dataset/ca_classifier/final_output_with_softmax_and_census.csv
    jobid: 0
    reason: Input files updated by another job: /Users/jaeseok/Developer/GGR/Imageomics-Species-ReID/test_dataset/test_dataset/ca_classifier/final_output_with_softmax_and_census.csv
    resources: tmpdir=/var/folders/p3/0zlpsjwn5qg2cs76gk4zyryr0000gn/T

[Mon Nov 11 21:25:03 2024]
Finished job 0.
2 of 2 steps (100%) done
Complete log: .snakemake/log/2024-11-11T212432.605283.snakemake.log
